<?xml version="1.0" encoding="UTF-8"?>
<!-- Generated by org.testng.reporters.JUnitReportReporter -->
<testsuite skipped="2" hostname="LAPTOP-7TFIS2CT" name="org.test.pro.add_new_repo.TC01_Add_Repo" tests="3" failures="0" timestamp="21 Apr 2022 10:54:27 GMT" time="28.501" errors="0">
  <testcase name="chrome" time="28.501" classname="org.test.pro.add_new_repo.TC01_Add_Repo"/>
  <testcase name="firefox" classname="org.test.pro.add_new_repo.TC01_Add_Repo">
    <skipped/>
  </testcase> <!-- firefox -->
  <testcase name="edge" classname="org.test.pro.add_new_repo.TC01_Add_Repo">
    <skipped/>
  </testcase> <!-- edge -->
</testsuite> <!-- org.test.pro.add_new_repo.TC01_Add_Repo -->
