<?xml version="1.0" encoding="UTF-8"?>
<!-- Generated by org.testng.reporters.JUnitReportReporter -->
<testsuite skipped="2" hostname="LAPTOP-7TFIS2CT" name="org.test.pro.add_new_repo.TC41_Unsaved_Warning" tests="3" failures="0" timestamp="08 Apr 2022 11:08:23 GMT" time="19.853" errors="0">
  <testcase name="firefox" time="19.853" classname="org.test.pro.add_new_repo.TC41_Unsaved_Warning"/>
  <testcase name="edge" classname="org.test.pro.add_new_repo.TC41_Unsaved_Warning">
    <skipped/>
  </testcase> <!-- edge -->
  <testcase name="chrome" classname="org.test.pro.add_new_repo.TC41_Unsaved_Warning">
    <skipped/>
  </testcase> <!-- chrome -->
</testsuite> <!-- org.test.pro.add_new_repo.TC41_Unsaved_Warning -->
