<?xml version="1.0" encoding="UTF-8"?>
<!-- Generated by org.testng.reporters.JUnitReportReporter -->
<testsuite name="org.test.prolaboratev4.TC01" tests="1" time="62.000" ignored="0" failures="0" timestamp="29 Mar 2022 05:27:16 GMT" skipped="0" hostname="DESKTOP-6ND0843" errors="0">
  <testcase name="chrome" time="62.000" classname="org.test.prolaboratev4.TC01"/>
</testsuite> <!-- org.test.prolaboratev4.TC01 -->
