<?xml version="1.0" encoding="UTF-8"?>
<!-- Generated by org.testng.reporters.JUnitReportReporter -->
<testsuite skipped="0" hostname="LAPTOP-7TFIS2CT" name="org.test.pro.repo_listing.TC01_Repo_List" tests="1" failures="0" timestamp="08 Apr 2022 12:28:15 GMT" time="56.972" errors="0">
  <testcase name="chrome" time="56.972" classname="org.test.pro.repo_listing.TC01_Repo_List"/>
</testsuite> <!-- org.test.pro.repo_listing.TC01_Repo_List -->
