<?xml version="1.0" encoding="UTF-8"?>
<!-- Generated by org.testng.reporters.JUnitReportReporter -->
<testsuite name="org.test.pro.add_new_repo.TC22_Enable_Security_wioutmodel" tests="1" time="17.006" ignored="2" failures="0" timestamp="30 Mar 2022 08:29:24 GMT" skipped="0" hostname="DESKTOP-6ND0843" errors="0">
  <testcase name="chrome" time="17.006" classname="org.test.pro.add_new_repo.TC22_Enable_Security_wioutmodel"/>
  <testcase name="firefox" classname="org.test.pro.add_new_repo.TC22_Enable_Security_wioutmodel">
    <skipped/>
  </testcase> <!-- firefox -->
  <testcase name="edge" classname="org.test.pro.add_new_repo.TC22_Enable_Security_wioutmodel">
    <skipped/>
  </testcase> <!-- edge -->
</testsuite> <!-- org.test.pro.add_new_repo.TC22_Enable_Security_wioutmodel -->
