<?xml version="1.0" encoding="UTF-8"?>
<!-- Generated by org.testng.reporters.JUnitReportReporter -->
<testsuite skipped="2" hostname="LAPTOP-7TFIS2CT" name="org.test.pro.delete_repository.TC01_Delete_Option_visible" tests="3" failures="0" timestamp="11 Apr 2022 11:00:05 GMT" time="43.080" errors="0">
  <testcase name="chrome" time="43.080" classname="org.test.pro.delete_repository.TC01_Delete_Option_visible"/>
  <testcase name="edge" classname="org.test.pro.delete_repository.TC01_Delete_Option_visible">
    <skipped/>
  </testcase> <!-- edge -->
  <testcase name="firefox" classname="org.test.pro.delete_repository.TC01_Delete_Option_visible">
    <skipped/>
  </testcase> <!-- firefox -->
</testsuite> <!-- org.test.pro.delete_repository.TC01_Delete_Option_visible -->
