<?xml version="1.0" encoding="UTF-8"?>
<!-- Generated by org.testng.reporters.JUnitReportReporter -->
<testsuite skipped="2" hostname="LAPTOP-7TFIS2CT" name="org.test.pro.update_repository.TC08_update_PCS_details" tests="3" failures="0" timestamp="11 Apr 2022 07:45:12 GMT" time="75.984" errors="0">
  <testcase name="chrome" time="75.984" classname="org.test.pro.update_repository.TC08_update_PCS_details"/>
  <testcase name="edge" classname="org.test.pro.update_repository.TC08_update_PCS_details">
    <skipped/>
  </testcase> <!-- edge -->
  <testcase name="firefox" classname="org.test.pro.update_repository.TC08_update_PCS_details">
    <skipped/>
  </testcase> <!-- firefox -->
</testsuite> <!-- org.test.pro.update_repository.TC08_update_PCS_details -->
