<?xml version="1.0" encoding="UTF-8"?>
<!-- Generated by org.testng.reporters.JUnitReportReporter -->
<testsuite skipped="0" hostname="LAPTOP-7TFIS2CT" name="org.test.pro.repo_listing.TC02_PCS_Connection_Fail" tests="1" failures="0" timestamp="11 Apr 2022 04:32:55 GMT" time="13.547" errors="0">
  <testcase name="chrome" time="13.547" classname="org.test.pro.repo_listing.TC02_PCS_Connection_Fail"/>
</testsuite> <!-- org.test.pro.repo_listing.TC02_PCS_Connection_Fail -->
