<?xml version="1.0" encoding="UTF-8"?>
<!-- Generated by org.testng.reporters.JUnitReportReporter -->
<testsuite skipped="2" hostname="LAPTOP-7TFIS2CT" name="org.test.pro.copy_repository.TC01_Copy_Option_visible" tests="3" failures="0" timestamp="11 Apr 2022 08:37:17 GMT" time="20.146" errors="0">
  <testcase name="chrome" time="20.146" classname="org.test.pro.copy_repository.TC01_Copy_Option_visible"/>
  <testcase name="firefox" classname="org.test.pro.copy_repository.TC01_Copy_Option_visible">
    <skipped/>
  </testcase> <!-- firefox -->
  <testcase name="edge" classname="org.test.pro.copy_repository.TC01_Copy_Option_visible">
    <skipped/>
  </testcase> <!-- edge -->
</testsuite> <!-- org.test.pro.copy_repository.TC01_Copy_Option_visible -->
