<?xml version="1.0" encoding="UTF-8"?>
<!-- Generated by org.testng.reporters.JUnitReportReporter -->
<testsuite skipped="0" hostname="LAPTOP-7TFIS2CT" name="org.test.pro.repo_listing.TC35_Config_Menu" tests="1" failures="0" timestamp="11 Apr 2022 06:00:44 GMT" time="26.910" errors="0">
  <testcase name="chrome" time="26.910" classname="org.test.pro.repo_listing.TC35_Config_Menu"/>
</testsuite> <!-- org.test.pro.repo_listing.TC35_Config_Menu -->
