<?xml version="1.0" encoding="UTF-8"?>
<!-- Generated by org.testng.reporters.JUnitReportReporter -->
<testsuite skipped="0" hostname="LAPTOP-7TFIS2CT" name="org.test.pro.add_new_repo.TC07_Create_Repo_Descrip" tests="1" failures="0" timestamp="21 Apr 2022 09:24:52 GMT" time="16.353" errors="0">
  <testcase name="chrome" time="16.353" classname="org.test.pro.add_new_repo.TC07_Create_Repo_Descrip"/>
</testsuite> <!-- org.test.pro.add_new_repo.TC07_Create_Repo_Descrip -->
