<?xml version="1.0" encoding="UTF-8"?>
<!-- Generated by org.testng.reporters.JUnitReportReporter -->
<testsuite skipped="2" hostname="LAPTOP-7TFIS2CT" name="org.test.pro.copy_repository.TC09_Auto_Config" tests="3" failures="0" timestamp="11 Apr 2022 08:39:51 GMT" time="10.944" errors="0">
  <testcase name="chrome" time="10.944" classname="org.test.pro.copy_repository.TC09_Auto_Config"/>
  <testcase name="firefox" classname="org.test.pro.copy_repository.TC09_Auto_Config">
    <skipped/>
  </testcase> <!-- firefox -->
  <testcase name="edge" classname="org.test.pro.copy_repository.TC09_Auto_Config">
    <skipped/>
  </testcase> <!-- edge -->
</testsuite> <!-- org.test.pro.copy_repository.TC09_Auto_Config -->
