<?xml version="1.0" encoding="UTF-8"?>
<!-- Generated by org.testng.reporters.JUnitReportReporter -->
<testsuite skipped="0" hostname="LAPTOP-7TFIS2CT" name="org.test.pro.repo_listing.TC01_Repo_List_dummy" tests="1" failures="0" timestamp="11 Apr 2022 04:15:47 GMT" time="57.087" errors="0">
  <testcase name="chrome" time="57.087" classname="org.test.pro.repo_listing.TC01_Repo_List_dummy"/>
</testsuite> <!-- org.test.pro.repo_listing.TC01_Repo_List_dummy -->
