<?xml version="1.0" encoding="UTF-8"?>
<!-- Generated by org.testng.reporters.JUnitReportReporter -->
<testsuite skipped="2" hostname="LAPTOP-7TFIS2CT" name="org.test.pro.add_new_repo.TC44__Navi_RepoPage_Model" tests="3" failures="0" timestamp="08 Apr 2022 11:44:20 GMT" time="7.044" errors="0">
  <testcase name="chrome" time="7.044" classname="org.test.pro.add_new_repo.TC44__Navi_RepoPage_Model"/>
  <testcase name="firefox" classname="org.test.pro.add_new_repo.TC44__Navi_RepoPage_Model">
    <skipped/>
  </testcase> <!-- firefox -->
  <testcase name="edge" classname="org.test.pro.add_new_repo.TC44__Navi_RepoPage_Model">
    <skipped/>
  </testcase> <!-- edge -->
</testsuite> <!-- org.test.pro.add_new_repo.TC44__Navi_RepoPage_Model -->
