<?xml version="1.0" encoding="UTF-8"?>
<!-- Generated by org.testng.reporters.JUnitReportReporter -->
<testsuite name="org.test.prolaboratev4.TC02_PCS_Connection_Fail" tests="1" time="28.835" ignored="0" failures="0" timestamp="29 Mar 2022 05:37:45 GMT" skipped="0" hostname="DESKTOP-6ND0843" errors="0">
  <testcase name="chrome" time="28.835" classname="org.test.prolaboratev4.TC02_PCS_Connection_Fail"/>
</testsuite> <!-- org.test.prolaboratev4.TC02_PCS_Connection_Fail -->
