<?xml version="1.0" encoding="UTF-8"?>
<!-- Generated by org.testng.reporters.JUnitReportReporter -->
<testsuite skipped="2" hostname="LAPTOP-7TFIS2CT" name="org.test.pro.add_new_repo.TC20__withoutmodelSecurity" tests="3" failures="0" timestamp="21 Apr 2022 08:16:41 GMT" time="16.069" errors="0">
  <testcase name="chrome" time="16.069" classname="org.test.pro.add_new_repo.TC20__withoutmodelSecurity"/>
  <testcase name="firefox" classname="org.test.pro.add_new_repo.TC20__withoutmodelSecurity">
    <skipped/>
  </testcase> <!-- firefox -->
  <testcase name="edge" classname="org.test.pro.add_new_repo.TC20__withoutmodelSecurity">
    <skipped/>
  </testcase> <!-- edge -->
</testsuite> <!-- org.test.pro.add_new_repo.TC20__withoutmodelSecurity -->
