<?xml version="1.0" encoding="UTF-8"?>
<!-- Generated by org.testng.reporters.JUnitReportReporter -->
<testsuite skipped="2" hostname="LAPTOP-7TFIS2CT" name="org.test.pro.add_new_repo.TC24_Enable_Security_EA_pswd_Empty" tests="3" failures="0" timestamp="08 Apr 2022 09:38:01 GMT" time="14.954" errors="0">
  <testcase name="chrome" time="14.954" classname="org.test.pro.add_new_repo.TC24_Enable_Security_EA_pswd_Empty"/>
  <testcase name="edge" classname="org.test.pro.add_new_repo.TC24_Enable_Security_EA_pswd_Empty">
    <skipped/>
  </testcase> <!-- edge -->
  <testcase name="firefox" classname="org.test.pro.add_new_repo.TC24_Enable_Security_EA_pswd_Empty">
    <skipped/>
  </testcase> <!-- firefox -->
</testsuite> <!-- org.test.pro.add_new_repo.TC24_Enable_Security_EA_pswd_Empty -->
