<?xml version="1.0" encoding="UTF-8"?>
<!-- Generated by org.testng.reporters.JUnitReportReporter -->
<testsuite skipped="0" hostname="LAPTOP-7TFIS2CT" name="org.test.pro.repo_listing.TC10_Default_Label" tests="1" failures="0" timestamp="11 Apr 2022 05:13:31 GMT" time="5.150" errors="0">
  <testcase name="chrome" time="5.150" classname="org.test.pro.repo_listing.TC10_Default_Label"/>
</testsuite> <!-- org.test.pro.repo_listing.TC10_Default_Label -->
