<?xml version="1.0" encoding="UTF-8"?>
<!-- Generated by org.testng.reporters.JUnitReportReporter -->
<testsuite name="org.test.pro.add_new_repo.TC20_withoutmodelSecurity" tests="1" time="17.837" ignored="2" failures="0" timestamp="30 Mar 2022 09:30:12 GMT" skipped="0" hostname="DESKTOP-6ND0843" errors="0">
  <testcase name="chrome" time="17.837" classname="org.test.pro.add_new_repo.TC20_withoutmodelSecurity"/>
  <testcase name="edge" classname="org.test.pro.add_new_repo.TC20_withoutmodelSecurity">
    <skipped/>
  </testcase> <!-- edge -->
  <testcase name="firefox" classname="org.test.pro.add_new_repo.TC20_withoutmodelSecurity">
    <skipped/>
  </testcase> <!-- firefox -->
</testsuite> <!-- org.test.pro.add_new_repo.TC20_withoutmodelSecurity -->
