<?xml version="1.0" encoding="UTF-8"?>
<!-- Generated by org.testng.reporters.JUnitReportReporter -->
<testsuite skipped="2" hostname="LAPTOP-7TFIS2CT" name="org.test.pro.update_repository.TC07_Section_Retained" tests="3" failures="0" timestamp="11 Apr 2022 07:06:37 GMT" time="26.268" errors="0">
  <testcase name="chrome" time="26.268" classname="org.test.pro.update_repository.TC07_Section_Retained"/>
  <testcase name="edge" classname="org.test.pro.update_repository.TC07_Section_Retained">
    <skipped/>
  </testcase> <!-- edge -->
  <testcase name="firefox" classname="org.test.pro.update_repository.TC07_Section_Retained">
    <skipped/>
  </testcase> <!-- firefox -->
</testsuite> <!-- org.test.pro.update_repository.TC07_Section_Retained -->
