<?xml version="1.0" encoding="UTF-8"?>
<!-- Generated by org.testng.reporters.JUnitReportReporter -->
<testsuite skipped="2" hostname="LAPTOP-7TFIS2CT" name="org.test.pro.make_default.TC01_Make_Default_Model" tests="3" failures="0" timestamp="11 Apr 2022 06:37:07 GMT" time="64.665" errors="0">
  <testcase name="chrome" time="64.665" classname="org.test.pro.make_default.TC01_Make_Default_Model"/>
  <testcase name="edge" classname="org.test.pro.make_default.TC01_Make_Default_Model">
    <skipped/>
  </testcase> <!-- edge -->
  <testcase name="firefox" classname="org.test.pro.make_default.TC01_Make_Default_Model">
    <skipped/>
  </testcase> <!-- firefox -->
</testsuite> <!-- org.test.pro.make_default.TC01_Make_Default_Model -->
