<?xml version="1.0" encoding="UTF-8"?>
<!-- Generated by org.testng.reporters.JUnitReportReporter -->
<testsuite skipped="2" hostname="LAPTOP-7TFIS2CT" name="org.test.pro.update_repository.TC01_Edit_Option" tests="3" failures="0" timestamp="11 Apr 2022 06:52:20 GMT" time="38.119" errors="0">
  <testcase name="chrome" time="38.119" classname="org.test.pro.update_repository.TC01_Edit_Option"/>
  <testcase name="firefox" classname="org.test.pro.update_repository.TC01_Edit_Option">
    <skipped/>
  </testcase> <!-- firefox -->
  <testcase name="edge" classname="org.test.pro.update_repository.TC01_Edit_Option">
    <skipped/>
  </testcase> <!-- edge -->
</testsuite> <!-- org.test.pro.update_repository.TC01_Edit_Option -->
