<?xml version="1.0" encoding="UTF-8"?>
<!-- Generated by org.testng.reporters.JUnitReportReporter -->
<testsuite skipped="2" hostname="LAPTOP-7TFIS2CT" name="org.test.pro.add_new_repo.TC21_Enable_Security_Model" tests="3" failures="0" timestamp="21 Apr 2022 08:17:37 GMT" time="10.538" errors="0">
  <testcase name="chrome" time="10.538" classname="org.test.pro.add_new_repo.TC21_Enable_Security_Model"/>
  <testcase name="edge" classname="org.test.pro.add_new_repo.TC21_Enable_Security_Model">
    <skipped/>
  </testcase> <!-- edge -->
  <testcase name="firefox" classname="org.test.pro.add_new_repo.TC21_Enable_Security_Model">
    <skipped/>
  </testcase> <!-- firefox -->
</testsuite> <!-- org.test.pro.add_new_repo.TC21_Enable_Security_Model -->
