<?xml version="1.0" encoding="UTF-8"?>
<!-- Generated by org.testng.reporters.JUnitReportReporter -->
<testsuite name="org.test.prolaboratev4.TC35" tests="1" time="39.065" ignored="0" failures="0" timestamp="29 Mar 2022 04:36:09 GMT" skipped="0" hostname="DESKTOP-6ND0843" errors="0">
  <testcase name="chrome" time="39.065" classname="org.test.prolaboratev4.TC35"/>
</testsuite> <!-- org.test.prolaboratev4.TC35 -->
