<?xml version="1.0" encoding="UTF-8"?>
<!-- Generated by org.testng.reporters.JUnitReportReporter -->
<testsuite skipped="2" hostname="LAPTOP-7TFIS2CT" name="org.test.pro.add_new_repo.TC23_Enable_Security_EA_login_Empty" tests="3" failures="0" timestamp="21 Apr 2022 08:19:25 GMT" time="9.740" errors="0">
  <testcase name="chrome" time="9.740" classname="org.test.pro.add_new_repo.TC23_Enable_Security_EA_login_Empty"/>
  <testcase name="edge" classname="org.test.pro.add_new_repo.TC23_Enable_Security_EA_login_Empty">
    <skipped/>
  </testcase> <!-- edge -->
  <testcase name="firefox" classname="org.test.pro.add_new_repo.TC23_Enable_Security_EA_login_Empty">
    <skipped/>
  </testcase> <!-- firefox -->
</testsuite> <!-- org.test.pro.add_new_repo.TC23_Enable_Security_EA_login_Empty -->
