<?xml version="1.0" encoding="UTF-8"?>
<!-- Generated by org.testng.reporters.JUnitReportReporter -->
<testsuite skipped="2" hostname="LAPTOP-7TFIS2CT" name="org.test.pro.add_new_repo.TC28_Enable_Security_EA_pswd_incorrect" tests="3" failures="0" timestamp="08 Apr 2022 10:45:56 GMT" time="16.903" errors="0">
  <testcase name="chrome" time="16.903" classname="org.test.pro.add_new_repo.TC28_Enable_Security_EA_pswd_incorrect"/>
  <testcase name="firefox" classname="org.test.pro.add_new_repo.TC28_Enable_Security_EA_pswd_incorrect">
    <skipped/>
  </testcase> <!-- firefox -->
  <testcase name="edge" classname="org.test.pro.add_new_repo.TC28_Enable_Security_EA_pswd_incorrect">
    <skipped/>
  </testcase> <!-- edge -->
</testsuite> <!-- org.test.pro.add_new_repo.TC28_Enable_Security_EA_pswd_incorrect -->
