<?xml version="1.0" encoding="UTF-8"?>
<!-- Generated by org.testng.reporters.JUnitReportReporter -->
<testsuite skipped="2" hostname="LAPTOP-7TFIS2CT" name="org.test.pro.copy_repository.TC02_Auto_Config" tests="3" failures="0" timestamp="06 Apr 2022 05:54:06 GMT" time="10.586" errors="0">
  <testcase name="chrome" time="10.586" classname="org.test.pro.copy_repository.TC02_Auto_Config"/>
  <testcase name="edge" classname="org.test.pro.copy_repository.TC02_Auto_Config">
    <skipped/>
  </testcase> <!-- edge -->
  <testcase name="firefox" classname="org.test.pro.copy_repository.TC02_Auto_Config">
    <skipped/>
  </testcase> <!-- firefox -->
</testsuite> <!-- org.test.pro.copy_repository.TC02_Auto_Config -->
