<?xml version="1.0" encoding="UTF-8"?>
<!-- Generated by org.testng.reporters.JUnitReportReporter -->
<testsuite skipped="2" hostname="LAPTOP-7TFIS2CT" name="org.test.pro.add_new_repo.TC11_Without_EA_Modal" tests="3" failures="0" timestamp="08 Apr 2022 07:11:20 GMT" time="47.679" errors="0">
  <testcase name="firefox" time="47.679" classname="org.test.pro.add_new_repo.TC11_Without_EA_Modal"/>
  <testcase name="edge" classname="org.test.pro.add_new_repo.TC11_Without_EA_Modal">
    <skipped/>
  </testcase> <!-- edge -->
  <testcase name="chrome" classname="org.test.pro.add_new_repo.TC11_Without_EA_Modal">
    <skipped/>
  </testcase> <!-- chrome -->
</testsuite> <!-- org.test.pro.add_new_repo.TC11_Without_EA_Modal -->
