<?xml version="1.0" encoding="UTF-8"?>
<!-- Generated by org.testng.reporters.JUnitReportReporter -->
<testsuite skipped="2" hostname="LAPTOP-7TFIS2CT" name="org.test.pro.add_new_repo.TC22_Enable_Security_without_secur" tests="3" failures="0" timestamp="21 Apr 2022 08:18:25 GMT" time="4.569" errors="0">
  <testcase name="chrome" time="4.569" classname="org.test.pro.add_new_repo.TC22_Enable_Security_without_secur"/>
  <testcase name="edge" classname="org.test.pro.add_new_repo.TC22_Enable_Security_without_secur">
    <skipped/>
  </testcase> <!-- edge -->
  <testcase name="firefox" classname="org.test.pro.add_new_repo.TC22_Enable_Security_without_secur">
    <skipped/>
  </testcase> <!-- firefox -->
</testsuite> <!-- org.test.pro.add_new_repo.TC22_Enable_Security_without_secur -->
