<?xml version="1.0" encoding="UTF-8"?>
<!-- Generated by org.testng.reporters.JUnitReportReporter -->
<testsuite skipped="2" hostname="LAPTOP-7TFIS2CT" name="org.test.pro.add_new_repo.TC47_ManualConfig_Repo_Model2" tests="3" failures="0" timestamp="08 Apr 2022 12:03:39 GMT" time="13.759" errors="0">
  <testcase name="chrome" time="13.759" classname="org.test.pro.add_new_repo.TC47_ManualConfig_Repo_Model2"/>
  <testcase name="firefox" classname="org.test.pro.add_new_repo.TC47_ManualConfig_Repo_Model2">
    <skipped/>
  </testcase> <!-- firefox -->
  <testcase name="edge" classname="org.test.pro.add_new_repo.TC47_ManualConfig_Repo_Model2">
    <skipped/>
  </testcase> <!-- edge -->
</testsuite> <!-- org.test.pro.add_new_repo.TC47_ManualConfig_Repo_Model2 -->
