<?xml version="1.0" encoding="UTF-8"?>
<!-- Generated by org.testng.reporters.JUnitReportReporter -->
<testsuite skipped="2" hostname="LAPTOP-7TFIS2CT" name="org.tst.pro.make_default.TC01_Make_Default_Model" tests="3" failures="0" timestamp="04 Apr 2022 10:03:30 GMT" time="73.494" errors="0">
  <testcase name="chrome" time="73.494" classname="org.tst.pro.make_default.TC01_Make_Default_Model"/>
  <testcase name="edge" classname="org.tst.pro.make_default.TC01_Make_Default_Model">
    <skipped/>
  </testcase> <!-- edge -->
  <testcase name="firefox" classname="org.tst.pro.make_default.TC01_Make_Default_Model">
    <skipped/>
  </testcase> <!-- firefox -->
</testsuite> <!-- org.tst.pro.make_default.TC01_Make_Default_Model -->
