<?xml version="1.0" encoding="UTF-8"?>
<!-- Generated by org.testng.reporters.JUnitReportReporter -->
<testsuite skipped="2" hostname="LAPTOP-7TFIS2CT" name="org.test.pro.add_new_repo.TC48_AutoConfig_Repo_Model" tests="3" failures="0" timestamp="08 Apr 2022 12:07:58 GMT" time="18.581" errors="0">
  <testcase name="chrome" time="18.581" classname="org.test.pro.add_new_repo.TC48_AutoConfig_Repo_Model"/>
  <testcase name="edge" classname="org.test.pro.add_new_repo.TC48_AutoConfig_Repo_Model">
    <skipped/>
  </testcase> <!-- edge -->
  <testcase name="firefox" classname="org.test.pro.add_new_repo.TC48_AutoConfig_Repo_Model">
    <skipped/>
  </testcase> <!-- firefox -->
</testsuite> <!-- org.test.pro.add_new_repo.TC48_AutoConfig_Repo_Model -->
