<?xml version="1.0" encoding="UTF-8"?>
<!-- Generated by org.testng.reporters.JUnitReportReporter -->
<testsuite name="org.test.prolaboratev4.Add_Repo" tests="1" time="10.075" ignored="0" failures="0" timestamp="28 Mar 2022 09:48:36 GMT" skipped="0" hostname="DESKTOP-6ND0843" errors="0">
  <testcase name="chrome" time="10.075" classname="org.test.prolaboratev4.Add_Repo"/>
</testsuite> <!-- org.test.prolaboratev4.Add_Repo -->
