<?xml version="1.0" encoding="UTF-8"?>
<!-- Generated by org.testng.reporters.JUnitReportReporter -->
<testsuite name="org.test.prolaboratev4.PCS_Connection_Fail" tests="1" time="10.000" ignored="0" failures="0" timestamp="28 Mar 2022 09:50:54 GMT" skipped="0" hostname="DESKTOP-6ND0843" errors="0">
  <testcase name="chrome" time="10.000" classname="org.test.prolaboratev4.PCS_Connection_Fail"/>
</testsuite> <!-- org.test.prolaboratev4.PCS_Connection_Fail -->
