<?xml version="1.0" encoding="UTF-8"?>
<!-- Generated by org.testng.reporters.JUnitReportReporter -->
<testsuite name="org.test.pro.add_new_repo.TC20_Without_EA_Modal" tests="1" time="20.726" ignored="2" failures="0" timestamp="30 Mar 2022 07:17:10 GMT" skipped="0" hostname="DESKTOP-6ND0843" errors="0">
  <testcase name="chrome" time="20.726" classname="org.test.pro.add_new_repo.TC20_Without_EA_Modal"/>
  <testcase name="firefox" classname="org.test.pro.add_new_repo.TC20_Without_EA_Modal">
    <skipped/>
  </testcase> <!-- firefox -->
  <testcase name="edge" classname="org.test.pro.add_new_repo.TC20_Without_EA_Modal">
    <skipped/>
  </testcase> <!-- edge -->
</testsuite> <!-- org.test.pro.add_new_repo.TC20_Without_EA_Modal -->
