<?xml version="1.0" encoding="UTF-8"?>
<!-- Generated by org.testng.reporters.JUnitReportReporter -->
<testsuite name="org.test.pro.add_new_repo.TC23_Enable_Security_wioutmodel" tests="1" time="13.828" ignored="2" failures="0" timestamp="30 Mar 2022 09:28:41 GMT" skipped="0" hostname="DESKTOP-6ND0843" errors="0">
  <testcase name="chrome" time="13.828" classname="org.test.pro.add_new_repo.TC23_Enable_Security_wioutmodel"/>
  <testcase name="edge" classname="org.test.pro.add_new_repo.TC23_Enable_Security_wioutmodel">
    <skipped/>
  </testcase> <!-- edge -->
  <testcase name="firefox" classname="org.test.pro.add_new_repo.TC23_Enable_Security_wioutmodel">
    <skipped/>
  </testcase> <!-- firefox -->
</testsuite> <!-- org.test.pro.add_new_repo.TC23_Enable_Security_wioutmodel -->
